[2020-10-14 14:36:52] - [DEBUG] - [slim-app]
test1 {"aaa":1} {"uid":"7722cf1"}
[2020-10-14 14:37:02] - [DEBUG] - [slim-app]
test1 {"aaa":1} {"uid":"ff1a519"}
[2020-10-14 14:38:21] - [DEBUG] - [slim]
test1 {"aaa":1} {"uid":"387a5bf"}
[2020-10-14 14:40:00] - [WARNING] - [slim]
test2 {"aaa":1} {"uid":"6546e49"}
[2020-10-14 14:40:01] - [INFO] - [slim]
test2 {"aaa":1} {"uid":"3cf126d"}
[2020-10-14 16:04:33] - [INFO] - [slimCMS]
test2 {"aaa":1} {"uid":"00d1c4a"}
[2020-10-14 16:04:34] - [INFO] - [slimCMS]
test2 {"aaa":1} {"uid":"76670b5"}
[2020-10-14 16:04:44] - [INFO] - [slimCMS]
test2 {"aaa":1} {"uid":"b692449"}
[2020-10-14 16:05:11] - [INFO] - [slimCMS]
test2 {"aaa":1} {"uid":"fe12fd5"}
[2020-10-14 16:06:38] - [INFO] - [slimCMS]
test2 {"aaa":1} {"uid":"870e0af"}
[2020-10-14 16:31:48] - [INFO] - [slimCMS]
test2 {"aaa":1} {"uid":"fb4fb8b"}
[2020-10-14 16:31:57] - [INFO] - [slimCMS]
test2 {"aaa":1} {"uid":"bca0d8d"}
[2020-10-14 16:35:23] - [INFO] - [slimCMS]
test2 {"aaa":1} {"uid":"0db0a17"}
[2020-10-14 16:35:30] - [INFO] - [slimCMS]
test2 {"aaa":1} {"uid":"4d61144"}
[2020-10-14 16:35:59] - [INFO] - [slimCMS1]
test2 {"aaa":1} {"uid":"8ec99b0"}
[2020-10-14 16:42:52] - [INFO] - [slim]
test2 {"aaa":1} {"uid":"e877dee"}
[2020-10-14 16:44:17] - [INFO] - [aaa]
test2 {"aaa":1} {"uid":"6121afd"}
[2020-10-14 16:44:28] - [INFO] - [a1aa]
test2 {"aaa":1} {"uid":"0cdc3d7"}
